{"C:\\Work\\Bootcamp\\FizzBuzz\\src\\index.ts": {"path":"C:\\Work\\Bootcamp\\FizzBuzz\\src\\index.ts","statementMap":{"0":{"start":{"line":9,"column":0},"end":{"line":9,"column":16}},"1":{"start":{"line":1,"column":0},"end":{"line":1,"column":37}},"2":{"start":{"line":3,"column":12},"end":{"line":7,"column":2}},"3":{"start":{"line":10,"column":27},"end":{"line":10,"column":29}},"4":{"start":{"line":11,"column":4},"end":{"line":19,"column":5}},"5":{"start":{"line":12,"column":8},"end":{"line":12,"column":27}},"6":{"start":{"line":13,"column":10},"end":{"line":19,"column":5}},"7":{"start":{"line":15,"column":8},"end":{"line":18,"column":9}},"8":{"start":{"line":17,"column":12},"end":{"line":17,"column":31}},"9":{"start":{"line":21,"column":4},"end":{"line":32,"column":5}},"10":{"start":{"line":23,"column":20},"end":{"line":23,"column":65}},"11":{"start":{"line":23,"column":44},"end":{"line":23,"column":64}},"12":{"start":{"line":24,"column":8},"end":{"line":31,"column":9}},"13":{"start":{"line":26,"column":12},"end":{"line":26,"column":31}},"14":{"start":{"line":30,"column":12},"end":{"line":30,"column":41}},"15":{"start":{"line":33,"column":4},"end":{"line":36,"column":5}},"16":{"start":{"line":35,"column":8},"end":{"line":35,"column":24}},"17":{"start":{"line":38,"column":4},"end":{"line":38,"column":59}},"18":{"start":{"line":43,"column":4},"end":{"line":61,"column":5}},"19":{"start":{"line":43,"column":15},"end":{"line":43,"column":16}},"20":{"start":{"line":45,"column":8},"end":{"line":60,"column":9}},"21":{"start":{"line":47,"column":12},"end":{"line":47,"column":36}},"22":{"start":{"line":49,"column":13},"end":{"line":60,"column":9}},"23":{"start":{"line":51,"column":12},"end":{"line":51,"column":32}},"24":{"start":{"line":53,"column":13},"end":{"line":60,"column":9}},"25":{"start":{"line":55,"column":12},"end":{"line":55,"column":32}},"26":{"start":{"line":59,"column":12},"end":{"line":59,"column":27}},"27":{"start":{"line":65,"column":4},"end":{"line":65,"column":75}},"28":{"start":{"line":65,"column":15},"end":{"line":65,"column":16}},"29":{"start":{"line":65,"column":31},"end":{"line":65,"column":75}},"30":{"start":{"line":69,"column":4},"end":{"line":69,"column":83}},"31":{"start":{"line":69,"column":17},"end":{"line":69,"column":18}},"32":{"start":{"line":69,"column":38},"end":{"line":69,"column":83}},"33":{"start":{"line":73,"column":4},"end":{"line":73,"column":75}},"34":{"start":{"line":73,"column":17},"end":{"line":73,"column":18}},"35":{"start":{"line":73,"column":35},"end":{"line":73,"column":75}},"36":{"start":{"line":80,"column":11},"end":{"line":83,"column":2}},"37":{"start":{"line":108,"column":8},"end":{"line":108,"column":54}},"38":{"start":{"line":112,"column":4},"end":{"line":132,"column":7}},"39":{"start":{"line":113,"column":8},"end":{"line":131,"column":5}},"40":{"start":{"line":115,"column":39},"end":{"line":125,"column":18}},"41":{"start":{"line":117,"column":26},"end":{"line":117,"column":34}},"42":{"start":{"line":118,"column":29},"end":{"line":118,"column":41}},"43":{"start":{"line":120,"column":32},"end":{"line":120,"column":41}},"44":{"start":{"line":121,"column":20},"end":{"line":123,"column":21}},"45":{"start":{"line":122,"column":24},"end":{"line":122,"column":64}},"46":{"start":{"line":124,"column":20},"end":{"line":124,"column":31}},"47":{"start":{"line":126,"column":12},"end":{"line":126,"column":41}},"48":{"start":{"line":128,"column":8},"end":{"line":128,"column":56}},"49":{"start":{"line":130,"column":8},"end":{"line":130,"column":19}}},"fnMap":{"0":{"name":"applyRules","decl":{"start":{"line":9,"column":16},"end":{"line":9,"column":26}},"loc":{"start":{"line":9,"column":59},"end":{"line":40,"column":1}}},"1":{"name":"(anonymous_10)","decl":{"start":{"line":23,"column":36},"end":{"line":23,"column":40}},"loc":{"start":{"line":23,"column":44},"end":{"line":23,"column":64}}},"2":{"name":"fizzbuzzPart1","decl":{"start":{"line":42,"column":9},"end":{"line":42,"column":22}},"loc":{"start":{"line":42,"column":22},"end":{"line":62,"column":1}}},"3":{"name":"fizzbuzz2","decl":{"start":{"line":64,"column":9},"end":{"line":64,"column":18}},"loc":{"start":{"line":64,"column":18},"end":{"line":66,"column":1}}},"4":{"name":"fizzbuzzMaximumNumber","decl":{"start":{"line":68,"column":9},"end":{"line":68,"column":30}},"loc":{"start":{"line":68,"column":44},"end":{"line":70,"column":1}}},"5":{"name":"fizzbuzzChooseRule","decl":{"start":{"line":72,"column":9},"end":{"line":72,"column":27}},"loc":{"start":{"line":72,"column":48},"end":{"line":74,"column":1}}},"6":{"name":"checkForAvailableRules","decl":{"start":{"line":106,"column":9},"end":{"line":106,"column":31}},"loc":{"start":{"line":106,"column":42},"end":{"line":109,"column":1}}},"7":{"name":"askForRules","decl":{"start":{"line":111,"column":9},"end":{"line":111,"column":20}},"loc":{"start":{"line":111,"column":35},"end":{"line":133,"column":1}}},"8":{"name":"(anonymous_17)","decl":{"start":{"line":112,"column":24},"end":{"line":112,"column":25}},"loc":{"start":{"line":112,"column":42},"end":{"line":132,"column":5}}},"9":{"name":"(anonymous_18)","decl":{"start":{"line":117,"column":21},"end":{"line":117,"column":22}},"loc":{"start":{"line":117,"column":26},"end":{"line":117,"column":34}}},"10":{"name":"(anonymous_19)","decl":{"start":{"line":118,"column":24},"end":{"line":118,"column":25}},"loc":{"start":{"line":118,"column":29},"end":{"line":118,"column":41}}},"11":{"name":"(anonymous_20)","decl":{"start":{"line":119,"column":21},"end":{"line":119,"column":22}},"loc":{"start":{"line":119,"column":25},"end":{"line":125,"column":17}}}},"branchMap":{"0":{"loc":{"start":{"line":11,"column":4},"end":{"line":19,"column":5}},"type":"if","locations":[{"start":{"line":11,"column":4},"end":{"line":19,"column":5}},{"start":{"line":13,"column":10},"end":{"line":19,"column":5}}]},"1":{"loc":{"start":{"line":15,"column":8},"end":{"line":18,"column":9}},"type":"if","locations":[{"start":{"line":15,"column":8},"end":{"line":18,"column":9}},{"start":{},"end":{}}]},"2":{"loc":{"start":{"line":15,"column":11},"end":{"line":15,"column":56}},"type":"binary-expr","locations":[{"start":{"line":15,"column":11},"end":{"line":15,"column":38}},{"start":{"line":15,"column":42},"end":{"line":15,"column":56}}]},"3":{"loc":{"start":{"line":21,"column":4},"end":{"line":32,"column":5}},"type":"if","locations":[{"start":{"line":21,"column":4},"end":{"line":32,"column":5}},{"start":{},"end":{}}]},"4":{"loc":{"start":{"line":21,"column":7},"end":{"line":21,"column":44}},"type":"binary-expr","locations":[{"start":{"line":21,"column":7},"end":{"line":21,"column":30}},{"start":{"line":21,"column":34},"end":{"line":21,"column":44}}]},"5":{"loc":{"start":{"line":24,"column":8},"end":{"line":31,"column":9}},"type":"if","locations":[{"start":{"line":24,"column":8},"end":{"line":31,"column":9}},{"start":{"line":29,"column":8},"end":{"line":31,"column":9}}]},"6":{"loc":{"start":{"line":33,"column":4},"end":{"line":36,"column":5}},"type":"if","locations":[{"start":{"line":33,"column":4},"end":{"line":36,"column":5}},{"start":{},"end":{}}]},"7":{"loc":{"start":{"line":38,"column":12},"end":{"line":38,"column":57}},"type":"cond-expr","locations":[{"start":{"line":38,"column":27},"end":{"line":38,"column":41}},{"start":{"line":38,"column":43},"end":{"line":38,"column":57}}]},"8":{"loc":{"start":{"line":45,"column":8},"end":{"line":60,"column":9}},"type":"if","locations":[{"start":{"line":45,"column":8},"end":{"line":60,"column":9}},{"start":{"line":49,"column":13},"end":{"line":60,"column":9}}]},"9":{"loc":{"start":{"line":45,"column":11},"end":{"line":45,"column":29}},"type":"binary-expr","locations":[{"start":{"line":45,"column":11},"end":{"line":45,"column":18}},{"start":{"line":45,"column":22},"end":{"line":45,"column":29}}]},"10":{"loc":{"start":{"line":49,"column":13},"end":{"line":60,"column":9}},"type":"if","locations":[{"start":{"line":49,"column":13},"end":{"line":60,"column":9}},{"start":{"line":53,"column":13},"end":{"line":60,"column":9}}]},"11":{"loc":{"start":{"line":53,"column":13},"end":{"line":60,"column":9}},"type":"if","locations":[{"start":{"line":53,"column":13},"end":{"line":60,"column":9}},{"start":{"line":58,"column":8},"end":{"line":60,"column":9}}]},"12":{"loc":{"start":{"line":108,"column":17},"end":{"line":108,"column":52}},"type":"binary-expr","locations":[{"start":{"line":108,"column":17},"end":{"line":108,"column":25}},{"start":{"line":108,"column":29},"end":{"line":108,"column":38}},{"start":{"line":108,"column":42},"end":{"line":108,"column":52}}]},"13":{"loc":{"start":{"line":121,"column":20},"end":{"line":123,"column":21}},"type":"if","locations":[{"start":{"line":121,"column":20},"end":{"line":123,"column":21}},{"start":{},"end":{}}]},"14":{"loc":{"start":{"line":121,"column":24},"end":{"line":121,"column":66}},"type":"binary-expr","locations":[{"start":{"line":121,"column":24},"end":{"line":121,"column":34}},{"start":{"line":121,"column":38},"end":{"line":121,"column":66}}]}},"s":{"0":1,"1":1,"2":1,"3":6,"4":6,"5":1,"6":5,"7":15,"8":8,"9":6,"10":3,"11":4,"12":3,"13":1,"14":2,"15":6,"16":1,"17":6,"18":0,"19":0,"20":0,"21":0,"22":0,"23":0,"24":0,"25":0,"26":0,"27":0,"28":0,"29":0,"30":0,"31":0,"32":0,"33":0,"34":0,"35":0,"36":1,"37":0,"38":0,"39":0,"40":0,"41":0,"42":0,"43":0,"44":0,"45":0,"46":0,"47":0,"48":0,"49":0},"f":{"0":6,"1":4,"2":0,"3":0,"4":0,"5":0,"6":0,"7":0,"8":0,"9":0,"10":0,"11":0},"b":{"0":[1,5],"1":[8,7],"2":[15,14],"3":[3,3],"4":[6,5],"5":[1,2],"6":[1,5],"7":[6,0],"8":[0,0],"9":[0,0],"10":[0,0],"11":[0,0],"12":[0,0,0],"13":[0,0],"14":[0,0]}}
}
