TN:
SF:src\index.ts
FN:9,applyRules
FN:23,(anonymous_10)
FN:42,fizzbuzzPart1
FN:64,fizzbuzz2
FN:68,fizzbuzzMaximumNumber
FN:72,fizzbuzzChooseRule
FN:106,checkForAvailableRules
FN:111,askForRules
FN:112,(anonymous_17)
FN:117,(anonymous_18)
FN:118,(anonymous_19)
FN:119,(anonymous_20)
FNF:12
FNH:2
FNDA:6,applyRules
FNDA:4,(anonymous_10)
FNDA:0,fizzbuzzPart1
FNDA:0,fizzbuzz2
FNDA:0,fizzbuzzMaximumNumber
FNDA:0,fizzbuzzChooseRule
FNDA:0,checkForAvailableRules
FNDA:0,askForRules
FNDA:0,(anonymous_17)
FNDA:0,(anonymous_18)
FNDA:0,(anonymous_19)
FNDA:0,(anonymous_20)
DA:1,1
DA:3,1
DA:9,1
DA:10,6
DA:11,6
DA:12,1
DA:13,5
DA:15,15
DA:17,8
DA:21,6
DA:23,4
DA:24,3
DA:26,1
DA:30,2
DA:33,6
DA:35,1
DA:38,6
DA:43,0
DA:45,0
DA:47,0
DA:49,0
DA:51,0
DA:53,0
DA:55,0
DA:59,0
DA:65,0
DA:69,0
DA:73,0
DA:80,1
DA:108,0
DA:112,0
DA:113,0
DA:115,0
DA:117,0
DA:118,0
DA:120,0
DA:121,0
DA:122,0
DA:124,0
DA:126,0
DA:128,0
DA:130,0
LF:42
LH:18
BRDA:11,0,0,1
BRDA:11,0,1,5
BRDA:15,1,0,8
BRDA:15,1,1,7
BRDA:15,2,0,15
BRDA:15,2,1,14
BRDA:21,3,0,3
BRDA:21,3,1,3
BRDA:21,4,0,6
BRDA:21,4,1,5
BRDA:24,5,0,1
BRDA:24,5,1,2
BRDA:33,6,0,1
BRDA:33,6,1,5
BRDA:38,7,0,6
BRDA:38,7,1,0
BRDA:45,8,0,0
BRDA:45,8,1,0
BRDA:45,9,0,0
BRDA:45,9,1,0
BRDA:49,10,0,0
BRDA:49,10,1,0
BRDA:53,11,0,0
BRDA:53,11,1,0
BRDA:108,12,0,0
BRDA:108,12,1,0
BRDA:108,12,2,0
BRDA:121,13,0,0
BRDA:121,13,1,0
BRDA:121,14,0,0
BRDA:121,14,1,0
BRF:31
BRH:15
end_of_record
